[30-Sep-2019 15:34:03] NOTICE: fpm is running, pid 17
[30-Sep-2019 15:34:03] NOTICE: ready to handle connections
[30-Sep-2019 19:12:43] NOTICE: fpm is running, pid 58
[30-Sep-2019 19:12:43] NOTICE: ready to handle connections
[01-Oct-2019 11:23:49] NOTICE: Terminating ...
[01-Oct-2019 11:23:49] NOTICE: exiting, bye-bye!
[02-Oct-2019 12:04:29] NOTICE: fpm is running, pid 57
[02-Oct-2019 12:04:29] NOTICE: ready to handle connections
[03-Oct-2019 12:57:49] NOTICE: Terminating ...
[03-Oct-2019 12:57:49] NOTICE: exiting, bye-bye!
[04-Oct-2019 17:08:06] NOTICE: fpm is running, pid 51
[04-Oct-2019 17:08:06] NOTICE: ready to handle connections
[04-Oct-2019 17:51:58] NOTICE: Terminating ...
[04-Oct-2019 17:51:58] NOTICE: exiting, bye-bye!
[09-Oct-2019 12:06:32] NOTICE: fpm is running, pid 51
[09-Oct-2019 12:06:32] NOTICE: ready to handle connections
[09-Oct-2019 14:51:18] NOTICE: Terminating ...
[09-Oct-2019 14:51:18] NOTICE: exiting, bye-bye!
[09-Oct-2019 16:17:04] NOTICE: fpm is running, pid 57
[09-Oct-2019 16:17:04] NOTICE: ready to handle connections
[10-Oct-2019 12:49:58] NOTICE: Terminating ...
[10-Oct-2019 12:49:58] NOTICE: exiting, bye-bye!
[11-Oct-2019 14:37:35] NOTICE: fpm is running, pid 51
[11-Oct-2019 14:37:35] NOTICE: ready to handle connections
[11-Oct-2019 14:45:06] NOTICE: Terminating ...
[11-Oct-2019 14:45:06] NOTICE: exiting, bye-bye!
